<?xml version="1.0" encoding="utf-8"?>
<TestRun id="b08bd954-b89e-4cb3-bd73-3d1713213ebd" name="@fv-az1796-206 2025-05-31 22:29:09" xmlns="http://microsoft.com/schemas/VisualStudio/TeamTest/2010">
  <Times creation="2025-05-31T22:29:09.8622164+00:00" queuing="2025-05-31T22:29:09.8622165+00:00" start="2025-05-31T22:29:08.3451293+00:00" finish="2025-05-31T22:29:10.5196011+00:00" />
  <TestSettings name="default" id="111a298c-0c67-4964-a327-5df8a7c9eded">
    <Deployment runDeploymentRoot="_fv-az1796-206_2025-05-31_22_29_09" />
  </TestSettings>
  <Results>
    <UnitTestResult executionId="c9bdcf6d-e6a5-41b6-b09a-2d88b8d21733" testId="62b9ab40-846d-976c-51b0-a61c3e281702" testName="AiLogica.Tests.Components.HomePageTests.HomePage_SelectOrGate_ShouldUpdateViewModel" computerName="fv-az1796-206" duration="00:00:00.0001655" startTime="2025-05-31T22:29:10.4312544+00:00" endTime="2025-05-31T22:29:10.4312545+00:00" testType="13cdc9d9-ddb5-4fa4-a97d-d965ccfc6d4b" outcome="Passed" testListId="8c84fa94-04c1-424b-9868-57a2d4851a1d" relativeResultsDirectory="c9bdcf6d-e6a5-41b6-b09a-2d88b8d21733" />
    <UnitTestResult executionId="0f8b5e58-fb97-4eba-b4c5-13700c539a76" testId="f4e67428-b203-64af-10f1-c616e9aaa405" testName="AiLogica.Tests.Components.HomePageTests.HomePage_PlacedOrGate_ShouldDisplaySvgSymbol" computerName="fv-az1796-206" duration="00:00:00.0071251" startTime="2025-05-31T22:29:10.4284787+00:00" endTime="2025-05-31T22:29:10.4284788+00:00" testType="13cdc9d9-ddb5-4fa4-a97d-d965ccfc6d4b" outcome="Passed" testListId="8c84fa94-04c1-424b-9868-57a2d4851a1d" relativeResultsDirectory="0f8b5e58-fb97-4eba-b4c5-13700c539a76" />
    <UnitTestResult executionId="39326434-d0f7-4afc-83b7-1719c6f8d02b" testId="9c952539-bba0-e420-da4c-57dffef3b9ce" testName="AiLogica.Tests.EndToEnd.EndToEndInfrastructureTests.EndToEndTestStrategy_ShouldBeWellDocumented" computerName="fv-az1796-206" duration="00:00:00.0002621" startTime="2025-05-31T22:29:10.4032118+00:00" endTime="2025-05-31T22:29:10.4032119+00:00" testType="13cdc9d9-ddb5-4fa4-a97d-d965ccfc6d4b" outcome="Passed" testListId="8c84fa94-04c1-424b-9868-57a2d4851a1d" relativeResultsDirectory="39326434-d0f7-4afc-83b7-1719c6f8d02b" />
    <UnitTestResult executionId="4c9a6b42-7c34-48f8-b164-28e297d1e753" testId="50b78865-64f6-c34a-a595-8f3cc47202bd" testName="AiLogica.Tests.ViewModels.HomeViewModelTests.StartWiring_ShouldSetWiringState" computerName="fv-az1796-206" duration="00:00:00.0001354" startTime="2025-05-31T22:29:09.7496266+00:00" endTime="2025-05-31T22:29:09.7496267+00:00" testType="13cdc9d9-ddb5-4fa4-a97d-d965ccfc6d4b" outcome="Passed" testListId="8c84fa94-04c1-424b-9868-57a2d4851a1d" relativeResultsDirectory="4c9a6b42-7c34-48f8-b164-28e297d1e753" />
    <UnitTestResult executionId="08cdfa94-e5ca-4b7e-8d3d-62ebe8ceb2c2" testId="0ceef84b-80e3-5a8b-849f-3817599d1cf6" testName="AiLogica.Tests.Integration.ApplicationIntegrationTests.Application_ShouldStart_Successfully" computerName="fv-az1796-206" duration="00:00:00.3361165" startTime="2025-05-31T22:29:10.4001568+00:00" endTime="2025-05-31T22:29:10.4001569+00:00" testType="13cdc9d9-ddb5-4fa4-a97d-d965ccfc6d4b" outcome="Passed" testListId="8c84fa94-04c1-424b-9868-57a2d4851a1d" relativeResultsDirectory="08cdfa94-e5ca-4b7e-8d3d-62ebe8ceb2c2" />
    <UnitTestResult executionId="6e0a0dad-d0a8-4ab2-984e-9d503a674fea" testId="6cae5a1c-5cab-7df6-859b-6b90ab33286e" testName="AiLogica.Tests.ViewModels.HomeViewModelTests.PlaceGate_MultipleGates_ShouldAllowPlacingMultipleGatesWithoutReselection" computerName="fv-az1796-206" duration="00:00:00.0111998" startTime="2025-05-31T22:29:09.7495458+00:00" endTime="2025-05-31T22:29:09.7495459+00:00" testType="13cdc9d9-ddb5-4fa4-a97d-d965ccfc6d4b" outcome="Passed" testListId="8c84fa94-04c1-424b-9868-57a2d4851a1d" relativeResultsDirectory="6e0a0dad-d0a8-4ab2-984e-9d503a674fea" />
    <UnitTestResult executionId="c4f200f0-fc09-4eaf-9b82-7853dacf9436" testId="a422a2ef-509a-15ee-dbb9-3f9a314601fc" testName="AiLogica.Tests.ViewModels.HomeViewModelTests.GetConnectionPoints_OrGate_ShouldReturnCorrectPoints" computerName="fv-az1796-206" duration="00:00:00.0006421" startTime="2025-05-31T22:29:09.8143862+00:00" endTime="2025-05-31T22:29:09.8143863+00:00" testType="13cdc9d9-ddb5-4fa4-a97d-d965ccfc6d4b" outcome="Passed" testListId="8c84fa94-04c1-424b-9868-57a2d4851a1d" relativeResultsDirectory="c4f200f0-fc09-4eaf-9b82-7853dacf9436" />
    <UnitTestResult executionId="63b66bdd-c6c6-4fc1-a277-3bd3032e992f" testId="200eb8b1-dda3-50e6-07c1-cd029d0de64e" testName="AiLogica.Tests.ViewModels.HomeViewModelTests.SelectGate_ShouldSetSelectedGateAndDraggingState" computerName="fv-az1796-206" duration="00:00:00.0001403" startTime="2025-05-31T22:29:09.8121053+00:00" endTime="2025-05-31T22:29:09.8121053+00:00" testType="13cdc9d9-ddb5-4fa4-a97d-d965ccfc6d4b" outcome="Passed" testListId="8c84fa94-04c1-424b-9868-57a2d4851a1d" relativeResultsDirectory="63b66bdd-c6c6-4fc1-a277-3bd3032e992f" />
    <UnitTestResult executionId="fd52f4c5-8c52-4324-8062-8895ba63c4a5" testId="faa13e6b-7201-cf6a-8438-940b49935b37" testName="AiLogica.Tests.Integration.ApplicationIntegrationTests.ViewModel_ShouldBeRegistered_AsScoped" computerName="fv-az1796-206" duration="00:00:00.3321906" startTime="2025-05-31T22:29:10.0593352+00:00" endTime="2025-05-31T22:29:10.0593355+00:00" testType="13cdc9d9-ddb5-4fa4-a97d-d965ccfc6d4b" outcome="Passed" testListId="8c84fa94-04c1-424b-9868-57a2d4851a1d" relativeResultsDirectory="fd52f4c5-8c52-4324-8062-8895ba63c4a5" />
    <UnitTestResult executionId="ac963369-ce0d-4474-b019-891e92de1171" testId="7c480569-619b-ac71-f617-8e244942e34c" testName="AiLogica.Tests.ViewModels.HomeViewModelTests.CompleteWiring_WithSameConnection_ShouldNotCreateWire" computerName="fv-az1796-206" duration="00:00:00.0044998" startTime="2025-05-31T22:29:09.7376189+00:00" endTime="2025-05-31T22:29:09.7376757+00:00" testType="13cdc9d9-ddb5-4fa4-a97d-d965ccfc6d4b" outcome="Passed" testListId="8c84fa94-04c1-424b-9868-57a2d4851a1d" relativeResultsDirectory="ac963369-ce0d-4474-b019-891e92de1171" />
    <UnitTestResult executionId="efa7f425-49fc-44f4-a5bb-ef09590a0160" testId="4ab2a03b-d864-ee82-f793-2db624744073" testName="AiLogica.Tests.Components.HomePageTests.HomePage_OrGate_ShouldDisplaySvgSymbol" computerName="fv-az1796-206" duration="00:00:00.0024805" startTime="2025-05-31T22:29:10.4337816+00:00" endTime="2025-05-31T22:29:10.4337817+00:00" testType="13cdc9d9-ddb5-4fa4-a97d-d965ccfc6d4b" outcome="Passed" testListId="8c84fa94-04c1-424b-9868-57a2d4851a1d" relativeResultsDirectory="efa7f425-49fc-44f4-a5bb-ef09590a0160" />
    <UnitTestResult executionId="f1567189-4fd2-415f-984a-0e8ebbf3f87d" testId="105b0841-47ae-5948-d24c-76b3b9b6416c" testName="AiLogica.Tests.ViewModels.HomeViewModelTests.PlaceGate_WithSelectedGate_ShouldAddToPlacedGatesAndKeepSelection" computerName="fv-az1796-206" duration="00:00:00.0008365" startTime="2025-05-31T22:29:09.8119888+00:00" endTime="2025-05-31T22:29:09.8119888+00:00" testType="13cdc9d9-ddb5-4fa4-a97d-d965ccfc6d4b" outcome="Passed" testListId="8c84fa94-04c1-424b-9868-57a2d4851a1d" relativeResultsDirectory="f1567189-4fd2-415f-984a-0e8ebbf3f87d" />
    <UnitTestResult executionId="5056b12d-5939-464d-8b38-9ffbb55c1120" testId="a2ae638d-c777-de0d-1084-5e7469b42524" testName="AiLogica.Tests.ViewModels.HomeViewModelTests.WelcomeMessage_ShouldHaveDefaultValue" computerName="fv-az1796-206" duration="00:00:00.0001214" startTime="2025-05-31T22:29:09.7497841+00:00" endTime="2025-05-31T22:29:09.7497842+00:00" testType="13cdc9d9-ddb5-4fa4-a97d-d965ccfc6d4b" outcome="Passed" testListId="8c84fa94-04c1-424b-9868-57a2d4851a1d" relativeResultsDirectory="5056b12d-5939-464d-8b38-9ffbb55c1120" />
    <UnitTestResult executionId="cca958c5-3b4c-4246-9f6f-6c66a4b09a69" testId="8ae5f13f-ca61-8d70-be5d-bab19d68625d" testName="AiLogica.Tests.Components.HomePageTests.HomePage_OrGateNotSelected_ShouldRenderCorrectly" computerName="fv-az1796-206" duration="00:00:00.6680682" startTime="2025-05-31T22:29:10.3900227+00:00" endTime="2025-05-31T22:29:10.3900229+00:00" testType="13cdc9d9-ddb5-4fa4-a97d-d965ccfc6d4b" outcome="Passed" testListId="8c84fa94-04c1-424b-9868-57a2d4851a1d" relativeResultsDirectory="cca958c5-3b4c-4246-9f6f-6c66a4b09a69" />
    <UnitTestResult executionId="34f1de13-784d-4495-98dd-53b39ae6ca68" testId="f0fb8295-82fb-bc35-112f-67982ac8df55" testName="AiLogica.Tests.EndToEnd.EndToEndWorkflowValidationTests.EndToEndTestCoverage_ShouldBeProvidedByExistingTests" computerName="fv-az1796-206" duration="00:00:00.0002647" startTime="2025-05-31T22:29:09.8145300+00:00" endTime="2025-05-31T22:29:09.8145301+00:00" testType="13cdc9d9-ddb5-4fa4-a97d-d965ccfc6d4b" outcome="Passed" testListId="8c84fa94-04c1-424b-9868-57a2d4851a1d" relativeResultsDirectory="34f1de13-784d-4495-98dd-53b39ae6ca68" />
    <UnitTestResult executionId="0e4d5f53-52fb-4a35-b718-71079e9ae317" testId="afd8bc39-b7a1-509d-7188-8b5293bd6a1f" testName="AiLogica.Tests.ViewModels.HomeViewModelTests.GetUnconnectedConnectionPoints_WithoutWires_ShouldReturnAllPoints" computerName="fv-az1796-206" duration="00:00:00.0090950" startTime="2025-05-31T22:29:09.8120479+00:00" endTime="2025-05-31T22:29:09.8120480+00:00" testType="13cdc9d9-ddb5-4fa4-a97d-d965ccfc6d4b" outcome="Passed" testListId="8c84fa94-04c1-424b-9868-57a2d4851a1d" relativeResultsDirectory="0e4d5f53-52fb-4a35-b718-71079e9ae317" />
    <UnitTestResult executionId="73a1eab1-374f-44fb-9aca-5adf4f757a67" testId="be5759a5-bfe0-f1cb-5c8e-26a7381305e9" testName="AiLogica.Tests.ViewModels.HomeViewModelTests.CompleteWiring_WithValidConnections_ShouldCreateWire" computerName="fv-az1796-206" duration="00:00:00.0046757" startTime="2025-05-31T22:29:09.8122899+00:00" endTime="2025-05-31T22:29:09.8122900+00:00" testType="13cdc9d9-ddb5-4fa4-a97d-d965ccfc6d4b" outcome="Passed" testListId="8c84fa94-04c1-424b-9868-57a2d4851a1d" relativeResultsDirectory="73a1eab1-374f-44fb-9aca-5adf4f757a67" />
    <UnitTestResult executionId="ffb0611d-f165-4ac2-a89f-eca388e3da0f" testId="96c9e315-2a61-0614-bda6-eee45a27749e" testName="AiLogica.Tests.ViewModels.HomeViewModelTests.WelcomeMessage_ShouldRaisePropertyChangedEvent" computerName="fv-az1796-206" duration="00:00:00.0006724" startTime="2025-05-31T22:29:09.7496989+00:00" endTime="2025-05-31T22:29:09.7496990+00:00" testType="13cdc9d9-ddb5-4fa4-a97d-d965ccfc6d4b" outcome="Passed" testListId="8c84fa94-04c1-424b-9868-57a2d4851a1d" relativeResultsDirectory="ffb0611d-f165-4ac2-a89f-eca388e3da0f" />
    <UnitTestResult executionId="0642dff4-2433-469f-98b8-86c8919b56c7" testId="9b803c9c-2540-7475-7c93-3fc5557e9242" testName="AiLogica.Tests.Components.HomePageTests.HomePage_WithSelectedGate_ShouldRenderWithSelectedClass" computerName="fv-az1796-206" duration="00:00:00.0024564" startTime="2025-05-31T22:29:10.4310101+00:00" endTime="2025-05-31T22:29:10.4310103+00:00" testType="13cdc9d9-ddb5-4fa4-a97d-d965ccfc6d4b" outcome="Passed" testListId="8c84fa94-04c1-424b-9868-57a2d4851a1d" relativeResultsDirectory="0642dff4-2433-469f-98b8-86c8919b56c7" />
    <UnitTestResult executionId="cfee110e-6736-4d4e-b1f0-ad02f52f0de0" testId="d17cd9a9-91a8-4b00-ce38-dc1495349002" testName="AiLogica.Tests.EndToEnd.EndToEndInfrastructureTests.EndToEndTestInfrastructure_ShouldBeConfiguredCorrectly" computerName="fv-az1796-206" duration="00:00:00.6600655" startTime="2025-05-31T22:29:10.4024719+00:00" endTime="2025-05-31T22:29:10.4024720+00:00" testType="13cdc9d9-ddb5-4fa4-a97d-d965ccfc6d4b" outcome="Passed" testListId="8c84fa94-04c1-424b-9868-57a2d4851a1d" relativeResultsDirectory="cfee110e-6736-4d4e-b1f0-ad02f52f0de0" />
    <UnitTestResult executionId="ea918602-0d06-41c8-9328-1a552716945e" testId="63be1937-3d78-9841-25a6-c8caded693d3" testName="AiLogica.Tests.Components.HomePageTests.HomePage_NonOrGates_ShouldDisplayAsText" computerName="fv-az1796-206" duration="00:00:00.0309968" startTime="2025-05-31T22:29:10.4212739+00:00" endTime="2025-05-31T22:29:10.4212741+00:00" testType="13cdc9d9-ddb5-4fa4-a97d-d965ccfc6d4b" outcome="Passed" testListId="8c84fa94-04c1-424b-9868-57a2d4851a1d" relativeResultsDirectory="ea918602-0d06-41c8-9328-1a552716945e" />
    <UnitTestResult executionId="2c35602f-9327-4569-8dfe-74431dd4bd9f" testId="c5e917fd-0ed7-9e49-cb7f-b58f91a82489" testName="AiLogica.Tests.EndToEnd.EndToEndWorkflowValidationTests.OrGateWorkflow_ShouldBeFullyTested" computerName="fv-az1796-206" duration="00:00:00.0002859" startTime="2025-05-31T22:29:09.8145951+00:00" endTime="2025-05-31T22:29:09.8145952+00:00" testType="13cdc9d9-ddb5-4fa4-a97d-d965ccfc6d4b" outcome="Passed" testListId="8c84fa94-04c1-424b-9868-57a2d4851a1d" relativeResultsDirectory="2c35602f-9327-4569-8dfe-74431dd4bd9f" />
    <UnitTestResult executionId="26d17941-d700-48e5-a7a8-059a094e6814" testId="173e92e8-dded-0889-2726-6f8c6079de1a" testName="AiLogica.Tests.ViewModels.HomeViewModelTests.PlacedGates_PropertyChanged_ShouldBeRaisedWhenGateIsPlaced" computerName="fv-az1796-206" duration="00:00:00.0004222" startTime="2025-05-31T22:29:09.8123491+00:00" endTime="2025-05-31T22:29:09.8123492+00:00" testType="13cdc9d9-ddb5-4fa4-a97d-d965ccfc6d4b" outcome="Passed" testListId="8c84fa94-04c1-424b-9868-57a2d4851a1d" relativeResultsDirectory="26d17941-d700-48e5-a7a8-059a094e6814" />
    <UnitTestResult executionId="0055c88a-b6a1-4f7f-a7d2-841c34e64d73" testId="bccc04f1-0c93-73fa-6661-22af42f2dc34" testName="AiLogica.Tests.ViewModels.HomeViewModelTests.UpdateMousePosition_ShouldSetMouseCoordinates" computerName="fv-az1796-206" duration="00:00:00.0006947" startTime="2025-05-31T22:29:09.8119205+00:00" endTime="2025-05-31T22:29:09.8119206+00:00" testType="13cdc9d9-ddb5-4fa4-a97d-d965ccfc6d4b" outcome="Passed" testListId="8c84fa94-04c1-424b-9868-57a2d4851a1d" relativeResultsDirectory="0055c88a-b6a1-4f7f-a7d2-841c34e64d73" />
    <UnitTestResult executionId="9c7d189a-06d4-4f5b-8bdc-a7211bb851e1" testId="255d0359-7a55-08ef-eb51-6d3786c259a2" testName="AiLogica.Tests.ViewModels.HomeViewModelTests.CancelDrag_ShouldClearSelectionAndDraggingState" computerName="fv-az1796-206" duration="00:00:00.0003057" startTime="2025-05-31T22:29:09.8115632+00:00" endTime="2025-05-31T22:29:09.8115634+00:00" testType="13cdc9d9-ddb5-4fa4-a97d-d965ccfc6d4b" outcome="Passed" testListId="8c84fa94-04c1-424b-9868-57a2d4851a1d" relativeResultsDirectory="9c7d189a-06d4-4f5b-8bdc-a7211bb851e1" />
    <UnitTestResult executionId="6691d352-7fe2-4314-ad8d-e93232c71d33" testId="8329cc8c-f463-7f34-fa6c-654d7c5916a2" testName="AiLogica.Tests.EndToEnd.EndToEndInfrastructureTests.PlaywrightPackage_ShouldBeAvailable" computerName="fv-az1796-206" duration="00:00:00.0053780" startTime="2025-05-31T22:29:09.7464519+00:00" endTime="2025-05-31T22:29:09.7464520+00:00" testType="13cdc9d9-ddb5-4fa4-a97d-d965ccfc6d4b" outcome="Passed" testListId="8c84fa94-04c1-424b-9868-57a2d4851a1d" relativeResultsDirectory="6691d352-7fe2-4314-ad8d-e93232c71d33" />
    <UnitTestResult executionId="268ff2eb-bd8b-4d60-856c-820e33b17e7e" testId="8529a7c7-3de3-a414-751b-faeddb4f7dc5" testName="AiLogica.Tests.ViewModels.HomeViewModelTests.GetUnconnectedConnectionPoints_WithWires_ShouldReturnOnlyUnconnectedPoints" computerName="fv-az1796-206" duration="00:00:00.0242437" startTime="2025-05-31T22:29:09.8122279+00:00" endTime="2025-05-31T22:29:09.8122279+00:00" testType="13cdc9d9-ddb5-4fa4-a97d-d965ccfc6d4b" outcome="Passed" testListId="8c84fa94-04c1-424b-9868-57a2d4851a1d" relativeResultsDirectory="268ff2eb-bd8b-4d60-856c-820e33b17e7e" />
    <UnitTestResult executionId="eebe4821-6689-424d-b38d-d238213835b1" testId="cd1d155c-9ddd-4a3d-afbf-1fdbaf3b2c0f" testName="AiLogica.Tests.ViewModels.HomeViewModelTests.PlaceGate_WithoutSelectedGate_ShouldNotAddToPlacedGates" computerName="fv-az1796-206" duration="00:00:00.0001770" startTime="2025-05-31T22:29:09.8121683+00:00" endTime="2025-05-31T22:29:09.8121683+00:00" testType="13cdc9d9-ddb5-4fa4-a97d-d965ccfc6d4b" outcome="Passed" testListId="8c84fa94-04c1-424b-9868-57a2d4851a1d" relativeResultsDirectory="eebe4821-6689-424d-b38d-d238213835b1" />
  </Results>
  <TestDefinitions>
    <UnitTest name="AiLogica.Tests.Components.HomePageTests.HomePage_NonOrGates_ShouldDisplayAsText" storage="/home/runner/work/ai_logica/ai_logica/ailogica.tests/bin/debug/net8.0/ailogica.tests.dll" id="63be1937-3d78-9841-25a6-c8caded693d3">
      <Execution id="ea918602-0d06-41c8-9328-1a552716945e" />
      <TestMethod codeBase="/home/runner/work/ai_logica/ai_logica/AiLogica.Tests/bin/Debug/net8.0/AiLogica.Tests.dll" adapterTypeName="executor://xunit/VsTestRunner2/netcoreapp" className="AiLogica.Tests.Components.HomePageTests" name="HomePage_NonOrGates_ShouldDisplayAsText" />
    </UnitTest>
    <UnitTest name="AiLogica.Tests.EndToEnd.EndToEndWorkflowValidationTests.EndToEndTestCoverage_ShouldBeProvidedByExistingTests" storage="/home/runner/work/ai_logica/ai_logica/ailogica.tests/bin/debug/net8.0/ailogica.tests.dll" id="f0fb8295-82fb-bc35-112f-67982ac8df55">
      <Execution id="34f1de13-784d-4495-98dd-53b39ae6ca68" />
      <TestMethod codeBase="/home/runner/work/ai_logica/ai_logica/AiLogica.Tests/bin/Debug/net8.0/AiLogica.Tests.dll" adapterTypeName="executor://xunit/VsTestRunner2/netcoreapp" className="AiLogica.Tests.EndToEnd.EndToEndWorkflowValidationTests" name="EndToEndTestCoverage_ShouldBeProvidedByExistingTests" />
    </UnitTest>
    <UnitTest name="AiLogica.Tests.Integration.ApplicationIntegrationTests.ViewModel_ShouldBeRegistered_AsScoped" storage="/home/runner/work/ai_logica/ai_logica/ailogica.tests/bin/debug/net8.0/ailogica.tests.dll" id="faa13e6b-7201-cf6a-8438-940b49935b37">
      <Execution id="fd52f4c5-8c52-4324-8062-8895ba63c4a5" />
      <TestMethod codeBase="/home/runner/work/ai_logica/ai_logica/AiLogica.Tests/bin/Debug/net8.0/AiLogica.Tests.dll" adapterTypeName="executor://xunit/VsTestRunner2/netcoreapp" className="AiLogica.Tests.Integration.ApplicationIntegrationTests" name="ViewModel_ShouldBeRegistered_AsScoped" />
    </UnitTest>
    <UnitTest name="AiLogica.Tests.ViewModels.HomeViewModelTests.PlaceGate_WithSelectedGate_ShouldAddToPlacedGatesAndKeepSelection" storage="/home/runner/work/ai_logica/ai_logica/ailogica.tests/bin/debug/net8.0/ailogica.tests.dll" id="105b0841-47ae-5948-d24c-76b3b9b6416c">
      <Execution id="f1567189-4fd2-415f-984a-0e8ebbf3f87d" />
      <TestMethod codeBase="/home/runner/work/ai_logica/ai_logica/AiLogica.Tests/bin/Debug/net8.0/AiLogica.Tests.dll" adapterTypeName="executor://xunit/VsTestRunner2/netcoreapp" className="AiLogica.Tests.ViewModels.HomeViewModelTests" name="PlaceGate_WithSelectedGate_ShouldAddToPlacedGatesAndKeepSelection" />
    </UnitTest>
    <UnitTest name="AiLogica.Tests.ViewModels.HomeViewModelTests.PlaceGate_MultipleGates_ShouldAllowPlacingMultipleGatesWithoutReselection" storage="/home/runner/work/ai_logica/ai_logica/ailogica.tests/bin/debug/net8.0/ailogica.tests.dll" id="6cae5a1c-5cab-7df6-859b-6b90ab33286e">
      <Execution id="6e0a0dad-d0a8-4ab2-984e-9d503a674fea" />
      <TestMethod codeBase="/home/runner/work/ai_logica/ai_logica/AiLogica.Tests/bin/Debug/net8.0/AiLogica.Tests.dll" adapterTypeName="executor://xunit/VsTestRunner2/netcoreapp" className="AiLogica.Tests.ViewModels.HomeViewModelTests" name="PlaceGate_MultipleGates_ShouldAllowPlacingMultipleGatesWithoutReselection" />
    </UnitTest>
    <UnitTest name="AiLogica.Tests.ViewModels.HomeViewModelTests.GetConnectionPoints_OrGate_ShouldReturnCorrectPoints" storage="/home/runner/work/ai_logica/ai_logica/ailogica.tests/bin/debug/net8.0/ailogica.tests.dll" id="a422a2ef-509a-15ee-dbb9-3f9a314601fc">
      <Execution id="c4f200f0-fc09-4eaf-9b82-7853dacf9436" />
      <TestMethod codeBase="/home/runner/work/ai_logica/ai_logica/AiLogica.Tests/bin/Debug/net8.0/AiLogica.Tests.dll" adapterTypeName="executor://xunit/VsTestRunner2/netcoreapp" className="AiLogica.Tests.ViewModels.HomeViewModelTests" name="GetConnectionPoints_OrGate_ShouldReturnCorrectPoints" />
    </UnitTest>
    <UnitTest name="AiLogica.Tests.ViewModels.HomeViewModelTests.GetUnconnectedConnectionPoints_WithoutWires_ShouldReturnAllPoints" storage="/home/runner/work/ai_logica/ai_logica/ailogica.tests/bin/debug/net8.0/ailogica.tests.dll" id="afd8bc39-b7a1-509d-7188-8b5293bd6a1f">
      <Execution id="0e4d5f53-52fb-4a35-b718-71079e9ae317" />
      <TestMethod codeBase="/home/runner/work/ai_logica/ai_logica/AiLogica.Tests/bin/Debug/net8.0/AiLogica.Tests.dll" adapterTypeName="executor://xunit/VsTestRunner2/netcoreapp" className="AiLogica.Tests.ViewModels.HomeViewModelTests" name="GetUnconnectedConnectionPoints_WithoutWires_ShouldReturnAllPoints" />
    </UnitTest>
    <UnitTest name="AiLogica.Tests.ViewModels.HomeViewModelTests.CompleteWiring_WithSameConnection_ShouldNotCreateWire" storage="/home/runner/work/ai_logica/ai_logica/ailogica.tests/bin/debug/net8.0/ailogica.tests.dll" id="7c480569-619b-ac71-f617-8e244942e34c">
      <Execution id="ac963369-ce0d-4474-b019-891e92de1171" />
      <TestMethod codeBase="/home/runner/work/ai_logica/ai_logica/AiLogica.Tests/bin/Debug/net8.0/AiLogica.Tests.dll" adapterTypeName="executor://xunit/VsTestRunner2/netcoreapp" className="AiLogica.Tests.ViewModels.HomeViewModelTests" name="CompleteWiring_WithSameConnection_ShouldNotCreateWire" />
    </UnitTest>
    <UnitTest name="AiLogica.Tests.Components.HomePageTests.HomePage_WithSelectedGate_ShouldRenderWithSelectedClass" storage="/home/runner/work/ai_logica/ai_logica/ailogica.tests/bin/debug/net8.0/ailogica.tests.dll" id="9b803c9c-2540-7475-7c93-3fc5557e9242">
      <Execution id="0642dff4-2433-469f-98b8-86c8919b56c7" />
      <TestMethod codeBase="/home/runner/work/ai_logica/ai_logica/AiLogica.Tests/bin/Debug/net8.0/AiLogica.Tests.dll" adapterTypeName="executor://xunit/VsTestRunner2/netcoreapp" className="AiLogica.Tests.Components.HomePageTests" name="HomePage_WithSelectedGate_ShouldRenderWithSelectedClass" />
    </UnitTest>
    <UnitTest name="AiLogica.Tests.EndToEnd.EndToEndWorkflowValidationTests.OrGateWorkflow_ShouldBeFullyTested" storage="/home/runner/work/ai_logica/ai_logica/ailogica.tests/bin/debug/net8.0/ailogica.tests.dll" id="c5e917fd-0ed7-9e49-cb7f-b58f91a82489">
      <Execution id="2c35602f-9327-4569-8dfe-74431dd4bd9f" />
      <TestMethod codeBase="/home/runner/work/ai_logica/ai_logica/AiLogica.Tests/bin/Debug/net8.0/AiLogica.Tests.dll" adapterTypeName="executor://xunit/VsTestRunner2/netcoreapp" className="AiLogica.Tests.EndToEnd.EndToEndWorkflowValidationTests" name="OrGateWorkflow_ShouldBeFullyTested" />
    </UnitTest>
    <UnitTest name="AiLogica.Tests.EndToEnd.EndToEndInfrastructureTests.EndToEndTestInfrastructure_ShouldBeConfiguredCorrectly" storage="/home/runner/work/ai_logica/ai_logica/ailogica.tests/bin/debug/net8.0/ailogica.tests.dll" id="d17cd9a9-91a8-4b00-ce38-dc1495349002">
      <Execution id="cfee110e-6736-4d4e-b1f0-ad02f52f0de0" />
      <TestMethod codeBase="/home/runner/work/ai_logica/ai_logica/AiLogica.Tests/bin/Debug/net8.0/AiLogica.Tests.dll" adapterTypeName="executor://xunit/VsTestRunner2/netcoreapp" className="AiLogica.Tests.EndToEnd.EndToEndInfrastructureTests" name="EndToEndTestInfrastructure_ShouldBeConfiguredCorrectly" />
    </UnitTest>
    <UnitTest name="AiLogica.Tests.Components.HomePageTests.HomePage_OrGateNotSelected_ShouldRenderCorrectly" storage="/home/runner/work/ai_logica/ai_logica/ailogica.tests/bin/debug/net8.0/ailogica.tests.dll" id="8ae5f13f-ca61-8d70-be5d-bab19d68625d">
      <Execution id="cca958c5-3b4c-4246-9f6f-6c66a4b09a69" />
      <TestMethod codeBase="/home/runner/work/ai_logica/ai_logica/AiLogica.Tests/bin/Debug/net8.0/AiLogica.Tests.dll" adapterTypeName="executor://xunit/VsTestRunner2/netcoreapp" className="AiLogica.Tests.Components.HomePageTests" name="HomePage_OrGateNotSelected_ShouldRenderCorrectly" />
    </UnitTest>
    <UnitTest name="AiLogica.Tests.Integration.ApplicationIntegrationTests.Application_ShouldStart_Successfully" storage="/home/runner/work/ai_logica/ai_logica/ailogica.tests/bin/debug/net8.0/ailogica.tests.dll" id="0ceef84b-80e3-5a8b-849f-3817599d1cf6">
      <Execution id="08cdfa94-e5ca-4b7e-8d3d-62ebe8ceb2c2" />
      <TestMethod codeBase="/home/runner/work/ai_logica/ai_logica/AiLogica.Tests/bin/Debug/net8.0/AiLogica.Tests.dll" adapterTypeName="executor://xunit/VsTestRunner2/netcoreapp" className="AiLogica.Tests.Integration.ApplicationIntegrationTests" name="Application_ShouldStart_Successfully" />
    </UnitTest>
    <UnitTest name="AiLogica.Tests.ViewModels.HomeViewModelTests.PlaceGate_WithoutSelectedGate_ShouldNotAddToPlacedGates" storage="/home/runner/work/ai_logica/ai_logica/ailogica.tests/bin/debug/net8.0/ailogica.tests.dll" id="cd1d155c-9ddd-4a3d-afbf-1fdbaf3b2c0f">
      <Execution id="eebe4821-6689-424d-b38d-d238213835b1" />
      <TestMethod codeBase="/home/runner/work/ai_logica/ai_logica/AiLogica.Tests/bin/Debug/net8.0/AiLogica.Tests.dll" adapterTypeName="executor://xunit/VsTestRunner2/netcoreapp" className="AiLogica.Tests.ViewModels.HomeViewModelTests" name="PlaceGate_WithoutSelectedGate_ShouldNotAddToPlacedGates" />
    </UnitTest>
    <UnitTest name="AiLogica.Tests.ViewModels.HomeViewModelTests.SelectGate_ShouldSetSelectedGateAndDraggingState" storage="/home/runner/work/ai_logica/ai_logica/ailogica.tests/bin/debug/net8.0/ailogica.tests.dll" id="200eb8b1-dda3-50e6-07c1-cd029d0de64e">
      <Execution id="63b66bdd-c6c6-4fc1-a277-3bd3032e992f" />
      <TestMethod codeBase="/home/runner/work/ai_logica/ai_logica/AiLogica.Tests/bin/Debug/net8.0/AiLogica.Tests.dll" adapterTypeName="executor://xunit/VsTestRunner2/netcoreapp" className="AiLogica.Tests.ViewModels.HomeViewModelTests" name="SelectGate_ShouldSetSelectedGateAndDraggingState" />
    </UnitTest>
    <UnitTest name="AiLogica.Tests.ViewModels.HomeViewModelTests.CompleteWiring_WithValidConnections_ShouldCreateWire" storage="/home/runner/work/ai_logica/ai_logica/ailogica.tests/bin/debug/net8.0/ailogica.tests.dll" id="be5759a5-bfe0-f1cb-5c8e-26a7381305e9">
      <Execution id="73a1eab1-374f-44fb-9aca-5adf4f757a67" />
      <TestMethod codeBase="/home/runner/work/ai_logica/ai_logica/AiLogica.Tests/bin/Debug/net8.0/AiLogica.Tests.dll" adapterTypeName="executor://xunit/VsTestRunner2/netcoreapp" className="AiLogica.Tests.ViewModels.HomeViewModelTests" name="CompleteWiring_WithValidConnections_ShouldCreateWire" />
    </UnitTest>
    <UnitTest name="AiLogica.Tests.ViewModels.HomeViewModelTests.WelcomeMessage_ShouldRaisePropertyChangedEvent" storage="/home/runner/work/ai_logica/ai_logica/ailogica.tests/bin/debug/net8.0/ailogica.tests.dll" id="96c9e315-2a61-0614-bda6-eee45a27749e">
      <Execution id="ffb0611d-f165-4ac2-a89f-eca388e3da0f" />
      <TestMethod codeBase="/home/runner/work/ai_logica/ai_logica/AiLogica.Tests/bin/Debug/net8.0/AiLogica.Tests.dll" adapterTypeName="executor://xunit/VsTestRunner2/netcoreapp" className="AiLogica.Tests.ViewModels.HomeViewModelTests" name="WelcomeMessage_ShouldRaisePropertyChangedEvent" />
    </UnitTest>
    <UnitTest name="AiLogica.Tests.ViewModels.HomeViewModelTests.UpdateMousePosition_ShouldSetMouseCoordinates" storage="/home/runner/work/ai_logica/ai_logica/ailogica.tests/bin/debug/net8.0/ailogica.tests.dll" id="bccc04f1-0c93-73fa-6661-22af42f2dc34">
      <Execution id="0055c88a-b6a1-4f7f-a7d2-841c34e64d73" />
      <TestMethod codeBase="/home/runner/work/ai_logica/ai_logica/AiLogica.Tests/bin/Debug/net8.0/AiLogica.Tests.dll" adapterTypeName="executor://xunit/VsTestRunner2/netcoreapp" className="AiLogica.Tests.ViewModels.HomeViewModelTests" name="UpdateMousePosition_ShouldSetMouseCoordinates" />
    </UnitTest>
    <UnitTest name="AiLogica.Tests.EndToEnd.EndToEndInfrastructureTests.PlaywrightPackage_ShouldBeAvailable" storage="/home/runner/work/ai_logica/ai_logica/ailogica.tests/bin/debug/net8.0/ailogica.tests.dll" id="8329cc8c-f463-7f34-fa6c-654d7c5916a2">
      <Execution id="6691d352-7fe2-4314-ad8d-e93232c71d33" />
      <TestMethod codeBase="/home/runner/work/ai_logica/ai_logica/AiLogica.Tests/bin/Debug/net8.0/AiLogica.Tests.dll" adapterTypeName="executor://xunit/VsTestRunner2/netcoreapp" className="AiLogica.Tests.EndToEnd.EndToEndInfrastructureTests" name="PlaywrightPackage_ShouldBeAvailable" />
    </UnitTest>
    <UnitTest name="AiLogica.Tests.ViewModels.HomeViewModelTests.GetUnconnectedConnectionPoints_WithWires_ShouldReturnOnlyUnconnectedPoints" storage="/home/runner/work/ai_logica/ai_logica/ailogica.tests/bin/debug/net8.0/ailogica.tests.dll" id="8529a7c7-3de3-a414-751b-faeddb4f7dc5">
      <Execution id="268ff2eb-bd8b-4d60-856c-820e33b17e7e" />
      <TestMethod codeBase="/home/runner/work/ai_logica/ai_logica/AiLogica.Tests/bin/Debug/net8.0/AiLogica.Tests.dll" adapterTypeName="executor://xunit/VsTestRunner2/netcoreapp" className="AiLogica.Tests.ViewModels.HomeViewModelTests" name="GetUnconnectedConnectionPoints_WithWires_ShouldReturnOnlyUnconnectedPoints" />
    </UnitTest>
    <UnitTest name="AiLogica.Tests.Components.HomePageTests.HomePage_OrGate_ShouldDisplaySvgSymbol" storage="/home/runner/work/ai_logica/ai_logica/ailogica.tests/bin/debug/net8.0/ailogica.tests.dll" id="4ab2a03b-d864-ee82-f793-2db624744073">
      <Execution id="efa7f425-49fc-44f4-a5bb-ef09590a0160" />
      <TestMethod codeBase="/home/runner/work/ai_logica/ai_logica/AiLogica.Tests/bin/Debug/net8.0/AiLogica.Tests.dll" adapterTypeName="executor://xunit/VsTestRunner2/netcoreapp" className="AiLogica.Tests.Components.HomePageTests" name="HomePage_OrGate_ShouldDisplaySvgSymbol" />
    </UnitTest>
    <UnitTest name="AiLogica.Tests.ViewModels.HomeViewModelTests.StartWiring_ShouldSetWiringState" storage="/home/runner/work/ai_logica/ai_logica/ailogica.tests/bin/debug/net8.0/ailogica.tests.dll" id="50b78865-64f6-c34a-a595-8f3cc47202bd">
      <Execution id="4c9a6b42-7c34-48f8-b164-28e297d1e753" />
      <TestMethod codeBase="/home/runner/work/ai_logica/ai_logica/AiLogica.Tests/bin/Debug/net8.0/AiLogica.Tests.dll" adapterTypeName="executor://xunit/VsTestRunner2/netcoreapp" className="AiLogica.Tests.ViewModels.HomeViewModelTests" name="StartWiring_ShouldSetWiringState" />
    </UnitTest>
    <UnitTest name="AiLogica.Tests.Components.HomePageTests.HomePage_SelectOrGate_ShouldUpdateViewModel" storage="/home/runner/work/ai_logica/ai_logica/ailogica.tests/bin/debug/net8.0/ailogica.tests.dll" id="62b9ab40-846d-976c-51b0-a61c3e281702">
      <Execution id="c9bdcf6d-e6a5-41b6-b09a-2d88b8d21733" />
      <TestMethod codeBase="/home/runner/work/ai_logica/ai_logica/AiLogica.Tests/bin/Debug/net8.0/AiLogica.Tests.dll" adapterTypeName="executor://xunit/VsTestRunner2/netcoreapp" className="AiLogica.Tests.Components.HomePageTests" name="HomePage_SelectOrGate_ShouldUpdateViewModel" />
    </UnitTest>
    <UnitTest name="AiLogica.Tests.Components.HomePageTests.HomePage_PlacedOrGate_ShouldDisplaySvgSymbol" storage="/home/runner/work/ai_logica/ai_logica/ailogica.tests/bin/debug/net8.0/ailogica.tests.dll" id="f4e67428-b203-64af-10f1-c616e9aaa405">
      <Execution id="0f8b5e58-fb97-4eba-b4c5-13700c539a76" />
      <TestMethod codeBase="/home/runner/work/ai_logica/ai_logica/AiLogica.Tests/bin/Debug/net8.0/AiLogica.Tests.dll" adapterTypeName="executor://xunit/VsTestRunner2/netcoreapp" className="AiLogica.Tests.Components.HomePageTests" name="HomePage_PlacedOrGate_ShouldDisplaySvgSymbol" />
    </UnitTest>
    <UnitTest name="AiLogica.Tests.EndToEnd.EndToEndInfrastructureTests.EndToEndTestStrategy_ShouldBeWellDocumented" storage="/home/runner/work/ai_logica/ai_logica/ailogica.tests/bin/debug/net8.0/ailogica.tests.dll" id="9c952539-bba0-e420-da4c-57dffef3b9ce">
      <Execution id="39326434-d0f7-4afc-83b7-1719c6f8d02b" />
      <TestMethod codeBase="/home/runner/work/ai_logica/ai_logica/AiLogica.Tests/bin/Debug/net8.0/AiLogica.Tests.dll" adapterTypeName="executor://xunit/VsTestRunner2/netcoreapp" className="AiLogica.Tests.EndToEnd.EndToEndInfrastructureTests" name="EndToEndTestStrategy_ShouldBeWellDocumented" />
    </UnitTest>
    <UnitTest name="AiLogica.Tests.ViewModels.HomeViewModelTests.PlacedGates_PropertyChanged_ShouldBeRaisedWhenGateIsPlaced" storage="/home/runner/work/ai_logica/ai_logica/ailogica.tests/bin/debug/net8.0/ailogica.tests.dll" id="173e92e8-dded-0889-2726-6f8c6079de1a">
      <Execution id="26d17941-d700-48e5-a7a8-059a094e6814" />
      <TestMethod codeBase="/home/runner/work/ai_logica/ai_logica/AiLogica.Tests/bin/Debug/net8.0/AiLogica.Tests.dll" adapterTypeName="executor://xunit/VsTestRunner2/netcoreapp" className="AiLogica.Tests.ViewModels.HomeViewModelTests" name="PlacedGates_PropertyChanged_ShouldBeRaisedWhenGateIsPlaced" />
    </UnitTest>
    <UnitTest name="AiLogica.Tests.ViewModels.HomeViewModelTests.CancelDrag_ShouldClearSelectionAndDraggingState" storage="/home/runner/work/ai_logica/ai_logica/ailogica.tests/bin/debug/net8.0/ailogica.tests.dll" id="255d0359-7a55-08ef-eb51-6d3786c259a2">
      <Execution id="9c7d189a-06d4-4f5b-8bdc-a7211bb851e1" />
      <TestMethod codeBase="/home/runner/work/ai_logica/ai_logica/AiLogica.Tests/bin/Debug/net8.0/AiLogica.Tests.dll" adapterTypeName="executor://xunit/VsTestRunner2/netcoreapp" className="AiLogica.Tests.ViewModels.HomeViewModelTests" name="CancelDrag_ShouldClearSelectionAndDraggingState" />
    </UnitTest>
    <UnitTest name="AiLogica.Tests.ViewModels.HomeViewModelTests.WelcomeMessage_ShouldHaveDefaultValue" storage="/home/runner/work/ai_logica/ai_logica/ailogica.tests/bin/debug/net8.0/ailogica.tests.dll" id="a2ae638d-c777-de0d-1084-5e7469b42524">
      <Execution id="5056b12d-5939-464d-8b38-9ffbb55c1120" />
      <TestMethod codeBase="/home/runner/work/ai_logica/ai_logica/AiLogica.Tests/bin/Debug/net8.0/AiLogica.Tests.dll" adapterTypeName="executor://xunit/VsTestRunner2/netcoreapp" className="AiLogica.Tests.ViewModels.HomeViewModelTests" name="WelcomeMessage_ShouldHaveDefaultValue" />
    </UnitTest>
  </TestDefinitions>
  <TestEntries>
    <TestEntry testId="62b9ab40-846d-976c-51b0-a61c3e281702" executionId="c9bdcf6d-e6a5-41b6-b09a-2d88b8d21733" testListId="8c84fa94-04c1-424b-9868-57a2d4851a1d" />
    <TestEntry testId="f4e67428-b203-64af-10f1-c616e9aaa405" executionId="0f8b5e58-fb97-4eba-b4c5-13700c539a76" testListId="8c84fa94-04c1-424b-9868-57a2d4851a1d" />
    <TestEntry testId="9c952539-bba0-e420-da4c-57dffef3b9ce" executionId="39326434-d0f7-4afc-83b7-1719c6f8d02b" testListId="8c84fa94-04c1-424b-9868-57a2d4851a1d" />
    <TestEntry testId="50b78865-64f6-c34a-a595-8f3cc47202bd" executionId="4c9a6b42-7c34-48f8-b164-28e297d1e753" testListId="8c84fa94-04c1-424b-9868-57a2d4851a1d" />
    <TestEntry testId="0ceef84b-80e3-5a8b-849f-3817599d1cf6" executionId="08cdfa94-e5ca-4b7e-8d3d-62ebe8ceb2c2" testListId="8c84fa94-04c1-424b-9868-57a2d4851a1d" />
    <TestEntry testId="6cae5a1c-5cab-7df6-859b-6b90ab33286e" executionId="6e0a0dad-d0a8-4ab2-984e-9d503a674fea" testListId="8c84fa94-04c1-424b-9868-57a2d4851a1d" />
    <TestEntry testId="a422a2ef-509a-15ee-dbb9-3f9a314601fc" executionId="c4f200f0-fc09-4eaf-9b82-7853dacf9436" testListId="8c84fa94-04c1-424b-9868-57a2d4851a1d" />
    <TestEntry testId="200eb8b1-dda3-50e6-07c1-cd029d0de64e" executionId="63b66bdd-c6c6-4fc1-a277-3bd3032e992f" testListId="8c84fa94-04c1-424b-9868-57a2d4851a1d" />
    <TestEntry testId="faa13e6b-7201-cf6a-8438-940b49935b37" executionId="fd52f4c5-8c52-4324-8062-8895ba63c4a5" testListId="8c84fa94-04c1-424b-9868-57a2d4851a1d" />
    <TestEntry testId="7c480569-619b-ac71-f617-8e244942e34c" executionId="ac963369-ce0d-4474-b019-891e92de1171" testListId="8c84fa94-04c1-424b-9868-57a2d4851a1d" />
    <TestEntry testId="4ab2a03b-d864-ee82-f793-2db624744073" executionId="efa7f425-49fc-44f4-a5bb-ef09590a0160" testListId="8c84fa94-04c1-424b-9868-57a2d4851a1d" />
    <TestEntry testId="105b0841-47ae-5948-d24c-76b3b9b6416c" executionId="f1567189-4fd2-415f-984a-0e8ebbf3f87d" testListId="8c84fa94-04c1-424b-9868-57a2d4851a1d" />
    <TestEntry testId="a2ae638d-c777-de0d-1084-5e7469b42524" executionId="5056b12d-5939-464d-8b38-9ffbb55c1120" testListId="8c84fa94-04c1-424b-9868-57a2d4851a1d" />
    <TestEntry testId="8ae5f13f-ca61-8d70-be5d-bab19d68625d" executionId="cca958c5-3b4c-4246-9f6f-6c66a4b09a69" testListId="8c84fa94-04c1-424b-9868-57a2d4851a1d" />
    <TestEntry testId="f0fb8295-82fb-bc35-112f-67982ac8df55" executionId="34f1de13-784d-4495-98dd-53b39ae6ca68" testListId="8c84fa94-04c1-424b-9868-57a2d4851a1d" />
    <TestEntry testId="afd8bc39-b7a1-509d-7188-8b5293bd6a1f" executionId="0e4d5f53-52fb-4a35-b718-71079e9ae317" testListId="8c84fa94-04c1-424b-9868-57a2d4851a1d" />
    <TestEntry testId="be5759a5-bfe0-f1cb-5c8e-26a7381305e9" executionId="73a1eab1-374f-44fb-9aca-5adf4f757a67" testListId="8c84fa94-04c1-424b-9868-57a2d4851a1d" />
    <TestEntry testId="96c9e315-2a61-0614-bda6-eee45a27749e" executionId="ffb0611d-f165-4ac2-a89f-eca388e3da0f" testListId="8c84fa94-04c1-424b-9868-57a2d4851a1d" />
    <TestEntry testId="9b803c9c-2540-7475-7c93-3fc5557e9242" executionId="0642dff4-2433-469f-98b8-86c8919b56c7" testListId="8c84fa94-04c1-424b-9868-57a2d4851a1d" />
    <TestEntry testId="d17cd9a9-91a8-4b00-ce38-dc1495349002" executionId="cfee110e-6736-4d4e-b1f0-ad02f52f0de0" testListId="8c84fa94-04c1-424b-9868-57a2d4851a1d" />
    <TestEntry testId="63be1937-3d78-9841-25a6-c8caded693d3" executionId="ea918602-0d06-41c8-9328-1a552716945e" testListId="8c84fa94-04c1-424b-9868-57a2d4851a1d" />
    <TestEntry testId="c5e917fd-0ed7-9e49-cb7f-b58f91a82489" executionId="2c35602f-9327-4569-8dfe-74431dd4bd9f" testListId="8c84fa94-04c1-424b-9868-57a2d4851a1d" />
    <TestEntry testId="173e92e8-dded-0889-2726-6f8c6079de1a" executionId="26d17941-d700-48e5-a7a8-059a094e6814" testListId="8c84fa94-04c1-424b-9868-57a2d4851a1d" />
    <TestEntry testId="bccc04f1-0c93-73fa-6661-22af42f2dc34" executionId="0055c88a-b6a1-4f7f-a7d2-841c34e64d73" testListId="8c84fa94-04c1-424b-9868-57a2d4851a1d" />
    <TestEntry testId="255d0359-7a55-08ef-eb51-6d3786c259a2" executionId="9c7d189a-06d4-4f5b-8bdc-a7211bb851e1" testListId="8c84fa94-04c1-424b-9868-57a2d4851a1d" />
    <TestEntry testId="8329cc8c-f463-7f34-fa6c-654d7c5916a2" executionId="6691d352-7fe2-4314-ad8d-e93232c71d33" testListId="8c84fa94-04c1-424b-9868-57a2d4851a1d" />
    <TestEntry testId="8529a7c7-3de3-a414-751b-faeddb4f7dc5" executionId="268ff2eb-bd8b-4d60-856c-820e33b17e7e" testListId="8c84fa94-04c1-424b-9868-57a2d4851a1d" />
    <TestEntry testId="cd1d155c-9ddd-4a3d-afbf-1fdbaf3b2c0f" executionId="eebe4821-6689-424d-b38d-d238213835b1" testListId="8c84fa94-04c1-424b-9868-57a2d4851a1d" />
  </TestEntries>
  <TestLists>
    <TestList name="Results Not in a List" id="8c84fa94-04c1-424b-9868-57a2d4851a1d" />
    <TestList name="All Loaded Results" id="19431567-8539-422a-85d7-44ee4e166bda" />
  </TestLists>
  <ResultSummary outcome="Completed">
    <Counters total="28" executed="28" passed="28" failed="0" error="0" timeout="0" aborted="0" inconclusive="0" passedButRunAborted="0" notRunnable="0" notExecuted="0" disconnected="0" warning="0" completed="0" inProgress="0" pending="0" />
    <Output>
      <StdOut>[xUnit.net 00:00:00.00] xUnit.net VSTest Adapter v2.4.5+1caef2f33e (64-bit .NET 8.0.16)
[xUnit.net 00:00:00.75]   Discovering: AiLogica.Tests
[xUnit.net 00:00:00.78]   Discovered:  AiLogica.Tests
[xUnit.net 00:00:00.79]   Starting:    AiLogica.Tests
[xUnit.net 00:00:01.55]   Finished:    AiLogica.Tests
</StdOut>
    </Output>
  </ResultSummary>
</TestRun>